<?xml version="1.0" encoding="UTF-8"?>
<!-- Generated by org.testng.reporters.JUnitReportReporter -->
<testsuite skipped="0" hostname="DESKTOP-G5DPG6U" name="com.pom.testcases.LoginPageTestCases" tests="1" failures="0" timestamp="01 Apr 2018 16:40:41 GMT" time="10.960" errors="0">
  <testcase name="loginToApplication" time="10.960" classname="com.pom.testcases.LoginPageTestCases"/>
</testsuite> <!-- com.pom.testcases.LoginPageTestCases -->
