<?xml version="1.0" encoding="UTF-8"?>
<!-- Generated by org.testng.reporters.JUnitReportReporter -->
<testsuite skipped="0" hostname="DESKTOP-G5DPG6U" name="com.pom.testcases.LoginPageTestCases" tests="1" failures="0" timestamp="11 Dec 2017 07:31:01 GMT" time="5.924" errors="0">
  <testcase name="loginToApplication" time="5.924" classname="com.pom.testcases.LoginPageTestCases"/>
</testsuite> <!-- com.pom.testcases.LoginPageTestCases -->
